<?xml version="1.0" encoding="UTF-8"?>
<!-- Generated by org.testng.reporters.JUnitXMLReporter -->
<testsuite ignored="0" hostname="LAPTOP-Q5ON3K6O" failures="0" tests="2" name="Test-linux-chrome" time="11.029" errors="0" timestamp="2025-12-18T08:18:51 IST">
  <testcase classname="testCases.TC001_AccountRegistrationCase" name="verify_account_registration" time="2.579"/>
  <testcase classname="testCases.TC002_LoginTestCase" name="verifysuccessfulLogin" time="1.488"/>
</testsuite> <!-- Test-linux-chrome -->
