<?xml version="1.0" encoding="UTF-8"?>
<!-- Generated by org.testng.reporters.JUnitXMLReporter -->
<testsuite ignored="0" hostname="LAPTOP-Q5ON3K6O" failures="0" tests="2" name="Test-linux-firefox" time="13.319" errors="0" timestamp="2025-12-18T08:19:05 IST">
  <testcase classname="testCases.TC001_AccountRegistrationCase" name="verify_account_registration" time="1.662"/>
  <testcase classname="testCases.TC002_LoginTestCase" name="verifysuccessfulLogin" time="2.146"/>
</testsuite> <!-- Test-linux-firefox -->
