<?xml version="1.0" encoding="UTF-8"?>
<testng-results ignored="0" total="2" passed="2" failed="0" skipped="0">
  <reporter-output>
  </reporter-output>
  <suite started-at="2025-12-22T07:53:24 IST" name="Suite" finished-at="2025-12-22T07:53:37 IST" duration-ms="12223">
    <groups>
      <group name="regresssion">
        <method signature="TC001_AccountRegistrationCase.verify_account_registration()[pri:0, instance:testCases.TC001_AccountRegistrationCase@60df60da]" name="verify_account_registration" class="testCases.TC001_AccountRegistrationCase"/>
      </group> <!-- regresssion -->
      <group name="sanity">
        <method signature="TC002_LoginTestCase.verifysuccessfulLogin()[pri:0, instance:testCases.TC002_LoginTestCase@1c93f6e1]" name="verifysuccessfulLogin" class="testCases.TC002_LoginTestCase"/>
      </group> <!-- sanity -->
      <group name="master">
        <method signature="TC001_AccountRegistrationCase.verify_account_registration()[pri:0, instance:testCases.TC001_AccountRegistrationCase@60df60da]" name="verify_account_registration" class="testCases.TC001_AccountRegistrationCase"/>
        <method signature="TC002_LoginTestCase.verifysuccessfulLogin()[pri:0, instance:testCases.TC002_LoginTestCase@1c93f6e1]" name="verifysuccessfulLogin" class="testCases.TC002_LoginTestCase"/>
      </group> <!-- master -->
    </groups>
    <test started-at="2025-12-22T07:53:24 IST" name="Test" finished-at="2025-12-22T07:53:37 IST" duration-ms="12223">
      <class name="testCases.TC001_AccountRegistrationCase">
        <test-method is-config="true" signature="setup(java.lang.String,java.lang.String)[pri:0, instance:testCases.TC001_AccountRegistrationCase@60df60da]" started-at="2025-12-22T07:53:25 IST" name="setup" finished-at="2025-12-22T07:53:29 IST" duration-ms="4150" status="PASS">
          <params>
            <param index="0">
              <value>
                <![CDATA[Windows]]>
              </value>
            </param>
            <param index="1">
              <value>
                <![CDATA[firefox]]>
              </value>
            </param>
          </params>
          <reporter-output>
          </reporter-output>
        </test-method> <!-- setup -->
        <test-method signature="verify_account_registration()[pri:0, instance:testCases.TC001_AccountRegistrationCase@60df60da]" started-at="2025-12-22T07:53:29 IST" name="verify_account_registration" finished-at="2025-12-22T07:53:30 IST" duration-ms="1528" status="PASS">
          <reporter-output>
          </reporter-output>
        </test-method> <!-- verify_account_registration -->
        <test-method is-config="true" signature="teardown()[pri:0, instance:testCases.TC001_AccountRegistrationCase@60df60da]" started-at="2025-12-22T07:53:30 IST" name="teardown" finished-at="2025-12-22T07:53:31 IST" duration-ms="1061" status="PASS">
          <reporter-output>
          </reporter-output>
        </test-method> <!-- teardown -->
      </class> <!-- testCases.TC001_AccountRegistrationCase -->
      <class name="testCases.TC002_LoginTestCase">
        <test-method is-config="true" signature="setup(java.lang.String,java.lang.String)[pri:0, instance:testCases.TC002_LoginTestCase@1c93f6e1]" started-at="2025-12-22T07:53:31 IST" name="setup" finished-at="2025-12-22T07:53:34 IST" duration-ms="3138" status="PASS">
          <params>
            <param index="0">
              <value>
                <![CDATA[Windows]]>
              </value>
            </param>
            <param index="1">
              <value>
                <![CDATA[firefox]]>
              </value>
            </param>
          </params>
          <reporter-output>
          </reporter-output>
        </test-method> <!-- setup -->
        <test-method signature="verifysuccessfulLogin()[pri:0, instance:testCases.TC002_LoginTestCase@1c93f6e1]" started-at="2025-12-22T07:53:34 IST" name="verifysuccessfulLogin" finished-at="2025-12-22T07:53:36 IST" duration-ms="1119" status="PASS">
          <reporter-output>
          </reporter-output>
        </test-method> <!-- verifysuccessfulLogin -->
        <test-method is-config="true" signature="teardown()[pri:0, instance:testCases.TC002_LoginTestCase@1c93f6e1]" started-at="2025-12-22T07:53:36 IST" name="teardown" finished-at="2025-12-22T07:53:37 IST" duration-ms="1007" status="PASS">
          <reporter-output>
          </reporter-output>
        </test-method> <!-- teardown -->
      </class> <!-- testCases.TC002_LoginTestCase -->
    </test> <!-- Test -->
  </suite> <!-- Suite -->
</testng-results>
