<?xml version="1.0" encoding="UTF-8"?>
<testng-results ignored="0" total="4" passed="4" failed="0" skipped="0">
  <reporter-output>
  </reporter-output>
  <suite started-at="2025-12-18T08:18:39 IST" name="Suite" finished-at="2025-12-18T08:19:05 IST" duration-ms="25750">
    <groups>
      <group name="regresssion">
        <method signature="TC001_AccountRegistrationCase.verify_account_registration()[pri:0, instance:testCases.TC001_AccountRegistrationCase@477b4cdf]" name="verify_account_registration" class="testCases.TC001_AccountRegistrationCase"/>
        <method signature="TC001_AccountRegistrationCase.verify_account_registration()[pri:0, instance:testCases.TC001_AccountRegistrationCase@7dc0f706]" name="verify_account_registration" class="testCases.TC001_AccountRegistrationCase"/>
      </group> <!-- regresssion -->
      <group name="sanity">
        <method signature="TC002_LoginTestCase.verifysuccessfulLogin()[pri:0, instance:testCases.TC002_LoginTestCase@1e800aaa]" name="verifysuccessfulLogin" class="testCases.TC002_LoginTestCase"/>
        <method signature="TC002_LoginTestCase.verifysuccessfulLogin()[pri:0, instance:testCases.TC002_LoginTestCase@4009e306]" name="verifysuccessfulLogin" class="testCases.TC002_LoginTestCase"/>
      </group> <!-- sanity -->
      <group name="master">
        <method signature="TC001_AccountRegistrationCase.verify_account_registration()[pri:0, instance:testCases.TC001_AccountRegistrationCase@477b4cdf]" name="verify_account_registration" class="testCases.TC001_AccountRegistrationCase"/>
        <method signature="TC002_LoginTestCase.verifysuccessfulLogin()[pri:0, instance:testCases.TC002_LoginTestCase@1e800aaa]" name="verifysuccessfulLogin" class="testCases.TC002_LoginTestCase"/>
        <method signature="TC001_AccountRegistrationCase.verify_account_registration()[pri:0, instance:testCases.TC001_AccountRegistrationCase@7dc0f706]" name="verify_account_registration" class="testCases.TC001_AccountRegistrationCase"/>
        <method signature="TC002_LoginTestCase.verifysuccessfulLogin()[pri:0, instance:testCases.TC002_LoginTestCase@4009e306]" name="verifysuccessfulLogin" class="testCases.TC002_LoginTestCase"/>
      </group> <!-- master -->
    </groups>
    <test started-at="2025-12-18T08:18:39 IST" name="Test-linux-chrome" finished-at="2025-12-18T08:18:50 IST" duration-ms="11029">
      <class name="testCases.TC001_AccountRegistrationCase">
        <test-method is-config="true" signature="setup(java.lang.String,java.lang.String)[pri:0, instance:testCases.TC001_AccountRegistrationCase@477b4cdf]" started-at="2025-12-18T08:18:39 IST" name="setup" finished-at="2025-12-18T08:18:44 IST" duration-ms="5378" status="PASS">
          <params>
            <param index="0">
              <value>
                <![CDATA[Linux]]>
              </value>
            </param>
            <param index="1">
              <value>
                <![CDATA[chrome]]>
              </value>
            </param>
          </params>
          <reporter-output>
          </reporter-output>
        </test-method> <!-- setup -->
        <test-method signature="verify_account_registration()[pri:0, instance:testCases.TC001_AccountRegistrationCase@477b4cdf]" started-at="2025-12-18T08:18:44 IST" name="verify_account_registration" finished-at="2025-12-18T08:18:47 IST" duration-ms="2579" status="PASS">
          <reporter-output>
          </reporter-output>
        </test-method> <!-- verify_account_registration -->
        <test-method is-config="true" signature="teardown()[pri:0, instance:testCases.TC001_AccountRegistrationCase@477b4cdf]" started-at="2025-12-18T08:18:47 IST" name="teardown" finished-at="2025-12-18T08:18:47 IST" duration-ms="83" status="PASS">
          <reporter-output>
          </reporter-output>
        </test-method> <!-- teardown -->
      </class> <!-- testCases.TC001_AccountRegistrationCase -->
      <class name="testCases.TC002_LoginTestCase">
        <test-method is-config="true" signature="setup(java.lang.String,java.lang.String)[pri:0, instance:testCases.TC002_LoginTestCase@1e800aaa]" started-at="2025-12-18T08:18:47 IST" name="setup" finished-at="2025-12-18T08:18:48 IST" duration-ms="1128" status="PASS">
          <params>
            <param index="0">
              <value>
                <![CDATA[Linux]]>
              </value>
            </param>
            <param index="1">
              <value>
                <![CDATA[chrome]]>
              </value>
            </param>
          </params>
          <reporter-output>
          </reporter-output>
        </test-method> <!-- setup -->
        <test-method signature="verifysuccessfulLogin()[pri:0, instance:testCases.TC002_LoginTestCase@1e800aaa]" started-at="2025-12-18T08:18:48 IST" name="verifysuccessfulLogin" finished-at="2025-12-18T08:18:50 IST" duration-ms="1488" status="PASS">
          <reporter-output>
          </reporter-output>
        </test-method> <!-- verifysuccessfulLogin -->
        <test-method is-config="true" signature="teardown()[pri:0, instance:testCases.TC002_LoginTestCase@1e800aaa]" started-at="2025-12-18T08:18:50 IST" name="teardown" finished-at="2025-12-18T08:18:50 IST" duration-ms="79" status="PASS">
          <reporter-output>
          </reporter-output>
        </test-method> <!-- teardown -->
      </class> <!-- testCases.TC002_LoginTestCase -->
    </test> <!-- Test-linux-chrome -->
    <test started-at="2025-12-18T08:18:51 IST" name="Test-linux-firefox" finished-at="2025-12-18T08:19:05 IST" duration-ms="13319">
      <class name="testCases.TC001_AccountRegistrationCase">
        <test-method is-config="true" signature="setup(java.lang.String,java.lang.String)[pri:0, instance:testCases.TC001_AccountRegistrationCase@7dc0f706]" started-at="2025-12-18T08:18:51 IST" name="setup" finished-at="2025-12-18T08:18:57 IST" duration-ms="5396" status="PASS">
          <params>
            <param index="0">
              <value>
                <![CDATA[Linux]]>
              </value>
            </param>
            <param index="1">
              <value>
                <![CDATA[firefox]]>
              </value>
            </param>
          </params>
          <reporter-output>
          </reporter-output>
        </test-method> <!-- setup -->
        <test-method signature="verify_account_registration()[pri:0, instance:testCases.TC001_AccountRegistrationCase@7dc0f706]" started-at="2025-12-18T08:18:57 IST" name="verify_account_registration" finished-at="2025-12-18T08:18:58 IST" duration-ms="1662" status="PASS">
          <reporter-output>
          </reporter-output>
        </test-method> <!-- verify_account_registration -->
        <test-method is-config="true" signature="teardown()[pri:0, instance:testCases.TC001_AccountRegistrationCase@7dc0f706]" started-at="2025-12-18T08:18:58 IST" name="teardown" finished-at="2025-12-18T08:18:59 IST" duration-ms="709" status="PASS">
          <reporter-output>
          </reporter-output>
        </test-method> <!-- teardown -->
      </class> <!-- testCases.TC001_AccountRegistrationCase -->
      <class name="testCases.TC002_LoginTestCase">
        <test-method is-config="true" signature="setup(java.lang.String,java.lang.String)[pri:0, instance:testCases.TC002_LoginTestCase@4009e306]" started-at="2025-12-18T08:18:59 IST" name="setup" finished-at="2025-12-18T08:19:02 IST" duration-ms="2747" status="PASS">
          <params>
            <param index="0">
              <value>
                <![CDATA[Linux]]>
              </value>
            </param>
            <param index="1">
              <value>
                <![CDATA[firefox]]>
              </value>
            </param>
          </params>
          <reporter-output>
          </reporter-output>
        </test-method> <!-- setup -->
        <test-method signature="verifysuccessfulLogin()[pri:0, instance:testCases.TC002_LoginTestCase@4009e306]" started-at="2025-12-18T08:19:02 IST" name="verifysuccessfulLogin" finished-at="2025-12-18T08:19:04 IST" duration-ms="2146" status="PASS">
          <reporter-output>
          </reporter-output>
        </test-method> <!-- verifysuccessfulLogin -->
        <test-method is-config="true" signature="teardown()[pri:0, instance:testCases.TC002_LoginTestCase@4009e306]" started-at="2025-12-18T08:19:04 IST" name="teardown" finished-at="2025-12-18T08:19:05 IST" duration-ms="651" status="PASS">
          <reporter-output>
          </reporter-output>
        </test-method> <!-- teardown -->
      </class> <!-- testCases.TC002_LoginTestCase -->
    </test> <!-- Test-linux-firefox -->
  </suite> <!-- Suite -->
</testng-results>
