<?xml version="1.0" encoding="UTF-8"?>
<!-- Generated by org.testng.reporters.JUnitReportReporter -->
<testsuite hostname="LAPTOP-Q5ON3K6O" failures="0" tests="2" name="testCases.TC002_LoginTestCase" time="3.634" errors="0" timestamp="2025-12-18T08:19:05 IST" skipped="0">
  <testcase classname="testCases.TC002_LoginTestCase" name="verifysuccessfulLogin" time="1.488"/>
  <testcase classname="testCases.TC002_LoginTestCase" name="verifysuccessfulLogin" time="2.146"/>
</testsuite> <!-- testCases.TC002_LoginTestCase -->
