<?xml version="1.0" encoding="UTF-8"?>
<!-- Generated by org.testng.reporters.JUnitReportReporter -->
<testsuite hostname="LAPTOP-Q5ON3K6O" failures="0" tests="2" name="testCases.TC001_AccountRegistrationCase" time="4.241" errors="0" timestamp="2025-12-18T08:19:05 IST" skipped="0">
  <testcase classname="testCases.TC001_AccountRegistrationCase" name="verify_account_registration" time="1.662"/>
  <testcase classname="testCases.TC001_AccountRegistrationCase" name="verify_account_registration" time="2.579"/>
</testsuite> <!-- testCases.TC001_AccountRegistrationCase -->
