<?xml version="1.0" encoding="UTF-8"?>
<!-- Generated by org.testng.reporters.JUnitXMLReporter -->
<testsuite ignored="2" hostname="LAPTOP-Q5ON3K6O" failures="1" tests="1" name="Test" time="15.878" errors="0" timestamp="2025-12-04T07:10:03 IST">
  <testcase classname="testCases.TC002_LoginTestCase" name="verifysuccessfulLogin" time="11.222">
    <failure type="java.lang.AssertionError" message="expected [true] but found [false]">
      <![CDATA[java.lang.AssertionError: expected [true] but found [false]
at testCases.TC002_LoginTestCase.verifysuccessfulLogin(TC002_LoginTestCase.java:45)
at java.base/java.util.ArrayList.forEach(ArrayList.java:1511)
... Removed 31 stack frames]]>
    </failure>
  </testcase> <!-- verifysuccessfulLogin -->
  <testcase classname="testCases.TC001_AccountRegistrationCase" name="verify_account_registration" time="0.0">
    <ignored/>
  </testcase> <!-- verify_account_registration -->
  <testcase classname="testCases.TC003_LoginDDT" name="verify_loginDDT" time="0.0">
    <ignored/>
  </testcase> <!-- verify_loginDDT -->
</testsuite> <!-- Test -->
